{"message":"IP: ::1, Username: testuser, User Type: Registered, Action: Logged In, Cookie: {\"originalMaxAge\":null,\"expires\":null,\"secure\":false,\"httpOnly\":true,\"path\":\"/\"}","level":"info","timestamp":"2021-05-12T04:36:02.698Z"}
{"message":"IP: ::1, Username: testuser, User Type: 2, Action: Retrieved User Scores (Easy, Medium, Hard), Cookie: {\"originalMaxAge\":null,\"expires\":null,\"secure\":false,\"httpOnly\":true,\"path\":\"/\"}","level":"info","timestamp":"2021-05-12T04:36:08.260Z"}
{"message":"IP: ::ffff:127.0.0.1, Username: testuser, User Type: Registered, Action: Logged In, Cookie: {\"originalMaxAge\":null,\"expires\":null,\"secure\":false,\"httpOnly\":true,\"path\":\"/\"}","level":"info","timestamp":"2021-05-12T04:37:17.347Z"}
{"message":"IP: ::ffff:127.0.0.1, Username: testuser, User Type: Registered, Action: Logged In, Cookie: {\"originalMaxAge\":null,\"expires\":null,\"secure\":false,\"httpOnly\":true,\"path\":\"/\"}","level":"info","timestamp":"2021-05-12T04:38:13.573Z"}
{"message":"IP: ::ffff:127.0.0.1, Username: testuser, User Type: Registered, Action: Logged In, Cookie: {\"originalMaxAge\":null,\"expires\":null,\"secure\":false,\"httpOnly\":true,\"path\":\"/\"}","level":"info","timestamp":"2021-05-12T04:39:16.774Z"}
{"message":"IP: ::1, Username: KingCob, User Type: Administrator, Action: Logged In,  Cookie: {\"originalMaxAge\":null,\"expires\":null,\"secure\":false,\"httpOnly\":true,\"path\":\"/\"}","level":"info","timestamp":"2021-05-15T09:08:07.182Z"}
{"message":"IP: ::1, Username: KingCob, User Type: 1, Action: Retrieved User Scores (Easy, Medium, Hard), Cookie: {\"originalMaxAge\":null,\"expires\":null,\"secure\":false,\"httpOnly\":true,\"path\":\"/\"}","level":"info","timestamp":"2021-05-15T09:08:19.691Z"}
{"message":"IP: ::1, Username: KingCob, User Type: Anonymous, Action: Retrieved User Scores (Easy, Medium, Hard), Cookie: {\"originalMaxAge\":null,\"expires\":null,\"secure\":false,\"httpOnly\":true,\"path\":\"/\"}","level":"info","timestamp":"2021-05-15T09:08:19.692Z"}
{"message":"IP: ::1, Username: KingCob, User Type: 1, Action: Retrieved User Scores (Easy, Medium, Hard), Cookie: {\"originalMaxAge\":null,\"expires\":null,\"secure\":false,\"httpOnly\":true,\"path\":\"/\"}","level":"info","timestamp":"2021-05-15T09:08:30.783Z"}
{"message":"IP: ::1, Username: KingCob, User Type: Anonymous, Action: Retrieved User Scores (Easy, Medium, Hard), Cookie: {\"originalMaxAge\":null,\"expires\":null,\"secure\":false,\"httpOnly\":true,\"path\":\"/\"}","level":"info","timestamp":"2021-05-15T09:08:30.783Z"}
{"message":"IP: ::1, Username: KingCob, User Type: 1, Action: Retrieved User Scores (Easy, Medium, Hard), Cookie: {\"originalMaxAge\":null,\"expires\":null,\"secure\":false,\"httpOnly\":true,\"path\":\"/\"}","level":"info","timestamp":"2021-05-15T09:10:04.370Z"}
{"message":"IP: ::1, Username: KingCob, User Type: Anonymous, Action: Retrieved User Scores (Easy, Medium, Hard), Cookie: {\"originalMaxAge\":null,\"expires\":null,\"secure\":false,\"httpOnly\":true,\"path\":\"/\"}","level":"info","timestamp":"2021-05-15T09:10:04.370Z"}
{"message":"IP: ::1, Username: KingCob, User Type: 1, Action: Retrieved User Scores (Easy, Medium, Hard), Cookie: {\"originalMaxAge\":null,\"expires\":null,\"secure\":false,\"httpOnly\":true,\"path\":\"/\"}","level":"info","timestamp":"2021-05-15T09:10:35.435Z"}
{"message":"IP: ::1, Username: KingCob, User Type: Anonymous, Action: Retrieved User Scores (Easy, Medium, Hard), Cookie: {\"originalMaxAge\":null,\"expires\":null,\"secure\":false,\"httpOnly\":true,\"path\":\"/\"}","level":"info","timestamp":"2021-05-15T09:10:35.435Z"}
{"message":"IP: ::1, Username: KingCob, User Type: 1, Action: Retrieved User Scores (Easy, Medium, Hard), Cookie: {\"originalMaxAge\":null,\"expires\":null,\"secure\":false,\"httpOnly\":true,\"path\":\"/\"}","level":"info","timestamp":"2021-05-15T09:10:49.927Z"}
{"message":"IP: ::1, Username: KingCob, User Type: Anonymous, Action: Retrieved User Scores (Easy, Medium, Hard), Cookie: {\"originalMaxAge\":null,\"expires\":null,\"secure\":false,\"httpOnly\":true,\"path\":\"/\"}","level":"info","timestamp":"2021-05-15T09:10:49.927Z"}
{"message":"IP: ::1, Username: KingCob, User Type: 1, Action: Retrieved User Scores (Easy, Medium, Hard), Cookie: {\"originalMaxAge\":null,\"expires\":null,\"secure\":false,\"httpOnly\":true,\"path\":\"/\"}","level":"info","timestamp":"2021-05-15T09:12:18.116Z"}
{"message":"IP: ::1, Username: KingCob, User Type: Anonymous, Action: Retrieved User Scores (Easy, Medium, Hard), Cookie: {\"originalMaxAge\":null,\"expires\":null,\"secure\":false,\"httpOnly\":true,\"path\":\"/\"}","level":"info","timestamp":"2021-05-15T09:12:18.117Z"}
{"message":"IP: ::1, Username: KingCob, User Type: 1, Action: Retrieved User Scores (Easy, Medium, Hard), Cookie: {\"originalMaxAge\":null,\"expires\":null,\"secure\":false,\"httpOnly\":true,\"path\":\"/\"}","level":"info","timestamp":"2021-05-15T09:12:27.885Z"}
{"message":"IP: ::1, Username: KingCob, User Type: Anonymous, Action: Retrieved User Scores (Easy, Medium, Hard), Cookie: {\"originalMaxAge\":null,\"expires\":null,\"secure\":false,\"httpOnly\":true,\"path\":\"/\"}","level":"info","timestamp":"2021-05-15T09:12:27.885Z"}
{"message":"IP: ::1, Username: KingCob, User Type: 1, Action: Retrieved User Scores (Easy, Medium, Hard), Cookie: {\"originalMaxAge\":null,\"expires\":null,\"secure\":false,\"httpOnly\":true,\"path\":\"/\"}","level":"info","timestamp":"2021-05-15T09:15:56.325Z"}
{"message":"IP: ::1, Username: KingCob, User Type: Anonymous, Action: Retrieved User Scores (Easy, Medium, Hard), Cookie: {\"originalMaxAge\":null,\"expires\":null,\"secure\":false,\"httpOnly\":true,\"path\":\"/\"}","level":"info","timestamp":"2021-05-15T09:15:56.326Z"}
{"message":"IP: ::1, Username: KingCob, User Type: 1, Action: Retrieved User Scores (Easy, Medium, Hard), Cookie: {\"originalMaxAge\":null,\"expires\":null,\"secure\":false,\"httpOnly\":true,\"path\":\"/\"}","level":"info","timestamp":"2021-05-15T09:16:10.420Z"}
{"message":"IP: ::1, Username: KingCob, User Type: Anonymous, Action: Retrieved User Scores (Easy, Medium, Hard), Cookie: {\"originalMaxAge\":null,\"expires\":null,\"secure\":false,\"httpOnly\":true,\"path\":\"/\"}","level":"info","timestamp":"2021-05-15T09:16:10.420Z"}
{"message":"IP: ::1, Username: KingCob, User Type: 1, Action: Retrieved User Scores (Easy, Medium, Hard), Cookie: {\"originalMaxAge\":null,\"expires\":null,\"secure\":false,\"httpOnly\":true,\"path\":\"/\"}","level":"info","timestamp":"2021-05-15T09:16:50.282Z"}
{"message":"IP: ::1, Username: KingCob, User Type: Anonymous, Action: Retrieved User Scores (Easy, Medium, Hard), Cookie: {\"originalMaxAge\":null,\"expires\":null,\"secure\":false,\"httpOnly\":true,\"path\":\"/\"}","level":"info","timestamp":"2021-05-15T09:16:50.283Z"}
{"message":"IP: ::1, Username: KingCob, User Type: 1, Action: Retrieved User Scores (Easy, Medium, Hard), Cookie: {\"originalMaxAge\":null,\"expires\":null,\"secure\":false,\"httpOnly\":true,\"path\":\"/\"}","level":"info","timestamp":"2021-05-15T09:17:32.932Z"}
{"message":"IP: ::1, Username: KingCob, User Type: Anonymous, Action: Retrieved User Scores (Easy, Medium, Hard), Cookie: {\"originalMaxAge\":null,\"expires\":null,\"secure\":false,\"httpOnly\":true,\"path\":\"/\"}","level":"info","timestamp":"2021-05-15T09:17:32.932Z"}
{"message":"IP: ::1, Username: KingCob, User Type: 1, Action: Retrieved User Scores (Easy, Medium, Hard), Cookie: {\"originalMaxAge\":null,\"expires\":null,\"secure\":false,\"httpOnly\":true,\"path\":\"/\"}","level":"info","timestamp":"2021-05-15T09:17:50.462Z"}
{"message":"IP: ::1, Username: KingCob, User Type: Anonymous, Action: Retrieved User Scores (Easy, Medium, Hard), Cookie: {\"originalMaxAge\":null,\"expires\":null,\"secure\":false,\"httpOnly\":true,\"path\":\"/\"}","level":"info","timestamp":"2021-05-15T09:17:50.462Z"}
{"message":"IP: ::1, Username: KingCob, User Type: 1, Action: Retrieved User Scores (Easy, Medium, Hard), Cookie: {\"originalMaxAge\":null,\"expires\":null,\"secure\":false,\"httpOnly\":true,\"path\":\"/\"}","level":"info","timestamp":"2021-05-15T09:18:17.382Z"}
{"message":"IP: ::1, Username: KingCob, User Type: Anonymous, Action: Retrieved User Scores (Easy, Medium, Hard), Cookie: {\"originalMaxAge\":null,\"expires\":null,\"secure\":false,\"httpOnly\":true,\"path\":\"/\"}","level":"info","timestamp":"2021-05-15T09:18:17.382Z"}
{"message":"IP: ::1, Username: KingCob, User Type: 1, Action: Retrieved User Scores (Easy, Medium, Hard), Cookie: {\"originalMaxAge\":null,\"expires\":null,\"secure\":false,\"httpOnly\":true,\"path\":\"/\"}","level":"info","timestamp":"2021-05-15T09:18:25.948Z"}
{"message":"IP: ::1, Username: KingCob, User Type: Anonymous, Action: Retrieved User Scores (Easy, Medium, Hard), Cookie: {\"originalMaxAge\":null,\"expires\":null,\"secure\":false,\"httpOnly\":true,\"path\":\"/\"}","level":"info","timestamp":"2021-05-15T09:18:25.948Z"}
{"message":"IP: ::1, Username: KingCob, User Type: 1, Action: Retrieved User Scores (Easy, Medium, Hard), Cookie: {\"originalMaxAge\":null,\"expires\":null,\"secure\":false,\"httpOnly\":true,\"path\":\"/\"}","level":"info","timestamp":"2021-05-15T09:18:54.206Z"}
{"message":"IP: ::1, Username: KingCob, User Type: Anonymous, Action: Retrieved User Scores (Easy, Medium, Hard), Cookie: {\"originalMaxAge\":null,\"expires\":null,\"secure\":false,\"httpOnly\":true,\"path\":\"/\"}","level":"info","timestamp":"2021-05-15T09:18:54.206Z"}
{"message":"IP: ::1, Username: KingCob, User Type: 1, Action: Retrieved User Scores (Easy, Medium, Hard), Cookie: {\"originalMaxAge\":null,\"expires\":null,\"secure\":false,\"httpOnly\":true,\"path\":\"/\"}","level":"info","timestamp":"2021-05-15T09:20:36.134Z"}
{"message":"IP: ::1, Username: KingCob, User Type: Anonymous, Action: Retrieved User Scores (Easy, Medium, Hard), Cookie: {\"originalMaxAge\":null,\"expires\":null,\"secure\":false,\"httpOnly\":true,\"path\":\"/\"}","level":"info","timestamp":"2021-05-15T09:20:36.136Z"}
{"message":"IP: ::1, Username: KingCob, User Type: 1, Action: Retrieved User Scores (Easy, Medium, Hard), Cookie: {\"originalMaxAge\":null,\"expires\":null,\"secure\":false,\"httpOnly\":true,\"path\":\"/\"}","level":"info","timestamp":"2021-05-15T09:20:50.871Z"}
{"message":"IP: ::1, Username: KingCob, User Type: Anonymous, Action: Retrieved User Scores (Easy, Medium, Hard), Cookie: {\"originalMaxAge\":null,\"expires\":null,\"secure\":false,\"httpOnly\":true,\"path\":\"/\"}","level":"info","timestamp":"2021-05-15T09:20:50.871Z"}
{"message":"IP: ::1, Username: KingCob, User Type: 1, Action: Retrieved User Scores (Easy, Medium, Hard), Cookie: {\"originalMaxAge\":null,\"expires\":null,\"secure\":false,\"httpOnly\":true,\"path\":\"/\"}","level":"info","timestamp":"2021-05-15T09:21:13.117Z"}
{"message":"IP: ::1, Username: KingCob, User Type: Anonymous, Action: Retrieved User Scores (Easy, Medium, Hard), Cookie: {\"originalMaxAge\":null,\"expires\":null,\"secure\":false,\"httpOnly\":true,\"path\":\"/\"}","level":"info","timestamp":"2021-05-15T09:21:13.117Z"}
{"message":"IP: ::1, Username: KingCob, User Type: 1, Action: Retrieved User Scores (Easy, Medium, Hard), Cookie: {\"originalMaxAge\":null,\"expires\":null,\"secure\":false,\"httpOnly\":true,\"path\":\"/\"}","level":"info","timestamp":"2021-05-15T09:21:23.254Z"}
{"message":"IP: ::1, Username: KingCob, User Type: Anonymous, Action: Retrieved User Scores (Easy, Medium, Hard), Cookie: {\"originalMaxAge\":null,\"expires\":null,\"secure\":false,\"httpOnly\":true,\"path\":\"/\"}","level":"info","timestamp":"2021-05-15T09:21:23.254Z"}
{"message":"IP: ::1, Username: KingCob, User Type: 1, Action: Retrieved User Scores (Easy, Medium, Hard), Cookie: {\"originalMaxAge\":null,\"expires\":null,\"secure\":false,\"httpOnly\":true,\"path\":\"/\"}","level":"info","timestamp":"2021-05-15T09:21:51.068Z"}
{"message":"IP: ::1, Username: KingCob, User Type: Anonymous, Action: Retrieved User Scores (Easy, Medium, Hard), Cookie: {\"originalMaxAge\":null,\"expires\":null,\"secure\":false,\"httpOnly\":true,\"path\":\"/\"}","level":"info","timestamp":"2021-05-15T09:21:51.068Z"}
{"message":"IP: ::1, Username: KingCob, User Type: Anonymous, Action: Logged Out,  Cookie: {\"originalMaxAge\":null,\"expires\":null,\"secure\":false,\"httpOnly\":true,\"path\":\"/\"}","level":"info","timestamp":"2021-05-15T09:25:17.579Z"}
{"message":"IP: ::1, Username: KingCob, User Type: Administrator, Action: Logged In,  Cookie: {\"originalMaxAge\":null,\"expires\":null,\"secure\":false,\"httpOnly\":true,\"path\":\"/\"}","level":"info","timestamp":"2021-05-15T09:33:05.891Z"}
{"message":"IP: ::1, Username: KingCob, User Type: 1, Action: Retrieved User Scores (Easy, Medium, Hard), Cookie: {\"originalMaxAge\":null,\"expires\":null,\"secure\":false,\"httpOnly\":true,\"path\":\"/\"}","level":"info","timestamp":"2021-05-15T09:35:48.945Z"}
{"message":"IP: ::1, Username: KingCob, User Type: Anonymous, Action: Retrieved User Scores (Easy, Medium, Hard), Cookie: {\"originalMaxAge\":null,\"expires\":null,\"secure\":false,\"httpOnly\":true,\"path\":\"/\"}","level":"info","timestamp":"2021-05-15T09:35:48.945Z"}
{"message":"IP: ::1, Username: KingCob, User Type: 1, Action: Retrieved User Scores (Easy, Medium, Hard), Cookie: {\"originalMaxAge\":null,\"expires\":null,\"secure\":false,\"httpOnly\":true,\"path\":\"/\"}","level":"info","timestamp":"2021-05-15T09:36:41.495Z"}
{"message":"IP: ::1, Username: KingCob, User Type: Anonymous, Action: Retrieved User Scores (Easy, Medium, Hard), Cookie: {\"originalMaxAge\":null,\"expires\":null,\"secure\":false,\"httpOnly\":true,\"path\":\"/\"}","level":"info","timestamp":"2021-05-15T09:36:41.495Z"}
{"message":"IP: ::1, Username: KingCob, User Type: Administrator, Action: Logged In,  Cookie: {\"originalMaxAge\":null,\"expires\":null,\"secure\":false,\"httpOnly\":true,\"path\":\"/\"}","level":"info","timestamp":"2021-05-15T09:40:07.890Z"}
{"message":"IP: ::1, Username: KingCob, User Type: Administrator, Action: Logged In,  Cookie: {\"originalMaxAge\":null,\"expires\":null,\"secure\":false,\"httpOnly\":true,\"path\":\"/\"}","level":"info","timestamp":"2021-05-16T05:22:47.435Z"}
{"message":"IP: ::1, Username: KingCob, User Type: Administrator, Action: Logged In,  Cookie: {\"originalMaxAge\":null,\"expires\":null,\"secure\":false,\"httpOnly\":true,\"path\":\"/\"}","level":"info","timestamp":"2021-05-16T05:27:38.187Z"}
{"message":"IP: ::1, Username: KingCob, User Type: Anonymous, Action: Logged Out,  Cookie: {\"originalMaxAge\":null,\"expires\":null,\"secure\":false,\"httpOnly\":true,\"path\":\"/\"}","level":"info","timestamp":"2021-05-16T05:27:48.538Z"}
{"message":"IP: ::1, Username: KingCob, User Type: Administrator, Action: Logged In,  Cookie: {\"originalMaxAge\":null,\"expires\":null,\"secure\":false,\"httpOnly\":true,\"path\":\"/\"}","level":"info","timestamp":"2021-05-16T05:41:05.114Z"}
{"message":"IP: ::1, Username: KingCob, User Type: Administrator, Action: Logged In,  Cookie: {\"originalMaxAge\":null,\"expires\":null,\"secure\":false,\"httpOnly\":true,\"path\":\"/\"}","level":"info","timestamp":"2021-05-16T07:32:11.774Z"}
{"message":"IP: ::1, Username: KingCob, User Type: Administrator, Action: Logged In,  Cookie: {\"originalMaxAge\":null,\"expires\":null,\"secure\":false,\"httpOnly\":true,\"path\":\"/\"}","level":"info","timestamp":"2021-05-16T07:49:58.587Z"}
{"message":"IP: ::1, Username: KingCob, User Type: Administrator, Action: Logged In,  Cookie: {\"originalMaxAge\":null,\"expires\":null,\"secure\":false,\"httpOnly\":true,\"path\":\"/\"}","level":"info","timestamp":"2021-05-16T07:51:16.571Z"}
{"message":"IP: ::1, Username: KingCob, User Type: Administrator, Action: Logged In,  Cookie: {\"originalMaxAge\":null,\"expires\":null,\"secure\":false,\"httpOnly\":true,\"path\":\"/\"}","level":"info","timestamp":"2021-05-16T07:52:13.249Z"}
{"message":"IP: ::1, Username: KingCob, User Type: Administrator, Action: Logged In,  Cookie: {\"originalMaxAge\":null,\"expires\":null,\"secure\":false,\"httpOnly\":true,\"path\":\"/\"}","level":"info","timestamp":"2021-05-16T07:53:40.652Z"}
{"message":"IP: ::1, Username: KingCob, User Type: Administrator, Action: Logged In,  Cookie: {\"originalMaxAge\":null,\"expires\":null,\"secure\":false,\"httpOnly\":true,\"path\":\"/\"}","level":"info","timestamp":"2021-05-16T07:59:19.759Z"}
{"message":"IP: ::1, Username: KingCob, User Type: Administrator, Action: Logged In,  Cookie: {\"originalMaxAge\":null,\"expires\":null,\"secure\":false,\"httpOnly\":true,\"path\":\"/\"}","level":"info","timestamp":"2021-05-16T07:59:50.675Z"}
{"message":"IP: ::1, Username: KingCob, User Type: Administrator, Action: Logged In,  Cookie: {\"originalMaxAge\":null,\"expires\":null,\"secure\":false,\"httpOnly\":true,\"path\":\"/\"}","level":"info","timestamp":"2021-05-16T08:06:05.915Z"}
{"message":"IP: ::1, Username: KingCob, User Type: Administrator, Action: Logged In,  Cookie: {\"originalMaxAge\":null,\"expires\":null,\"secure\":false,\"httpOnly\":true,\"path\":\"/\"}","level":"info","timestamp":"2021-05-16T08:32:49.296Z"}
{"message":"IP: ::1, Username: KingCob, User Type: Administrator, Action: Logged In,  Cookie: {\"originalMaxAge\":null,\"expires\":null,\"secure\":false,\"httpOnly\":true,\"path\":\"/\"}","level":"info","timestamp":"2021-05-16T08:41:01.806Z"}
{"message":"IP: ::1, Username: KingCob, User Type: Administrator, Action: Logged In,  Cookie: {\"originalMaxAge\":null,\"expires\":null,\"secure\":false,\"httpOnly\":true,\"path\":\"/\"}","level":"info","timestamp":"2021-05-16T08:43:08.497Z"}
{"message":"IP: ::1, Username: KingCob, User Type: Administrator, Action: Logged In,  Cookie: {\"originalMaxAge\":null,\"expires\":null,\"secure\":false,\"httpOnly\":true,\"path\":\"/\"}","level":"info","timestamp":"2021-05-16T08:46:23.016Z"}
{"message":"IP: ::1, Username: KingCob, User Type: Administrator, Action: Logged In,  Cookie: {\"originalMaxAge\":null,\"expires\":null,\"secure\":false,\"httpOnly\":true,\"path\":\"/\"}","level":"info","timestamp":"2021-05-16T08:49:08.878Z"}
{"message":"IP: ::1, Username: KingCob, User Type: Administrator, Action: Logged In,  Cookie: {\"originalMaxAge\":null,\"expires\":null,\"secure\":false,\"httpOnly\":true,\"path\":\"/\"}","level":"info","timestamp":"2021-05-16T08:50:30.002Z"}
{"message":"IP: ::1, Username: KingCob, User Type: Administrator, Action: Logged In,  Cookie: {\"originalMaxAge\":null,\"expires\":null,\"secure\":false,\"httpOnly\":true,\"path\":\"/\"}","level":"info","timestamp":"2021-05-16T08:51:35.850Z"}
{"message":"IP: ::1, Username: KingCob, User Type: Administrator, Action: Logged In,  Cookie: {\"originalMaxAge\":null,\"expires\":null,\"secure\":false,\"httpOnly\":true,\"path\":\"/\"}","level":"info","timestamp":"2021-05-16T08:53:26.641Z"}
{"message":"IP: ::1, Username: KingCob, User Type: Administrator, Action: Logged In,  Cookie: {\"originalMaxAge\":null,\"expires\":null,\"secure\":false,\"httpOnly\":true,\"path\":\"/\"}","level":"info","timestamp":"2021-05-16T08:58:43.610Z"}
{"message":"IP: ::1, Username: KingCob, User Type: Administrator, Action: Logged In,  Cookie: {\"originalMaxAge\":null,\"expires\":null,\"secure\":false,\"httpOnly\":true,\"path\":\"/\"}","level":"info","timestamp":"2021-05-16T09:02:09.291Z"}
{"message":"IP: ::1, Username: KingCob, User Type: Administrator, Action: Logged In,  Cookie: {\"originalMaxAge\":null,\"expires\":null,\"secure\":false,\"httpOnly\":true,\"path\":\"/\"}","level":"info","timestamp":"2021-05-16T09:03:20.255Z"}
{"message":"IP: ::1, Username: KingCob, User Type: Administrator, Action: Logged In,  Cookie: {\"originalMaxAge\":null,\"expires\":null,\"secure\":false,\"httpOnly\":true,\"path\":\"/\"}","level":"info","timestamp":"2021-05-16T09:07:42.304Z"}
{"message":"IP: ::1, Username: KingCob, User Type: Administrator, Action: Logged In,  Cookie: {\"originalMaxAge\":null,\"expires\":null,\"secure\":false,\"httpOnly\":true,\"path\":\"/\"}","level":"info","timestamp":"2021-05-16T09:11:31.613Z"}
{"message":"IP: ::1, Username: KingCob, User Type: Administrator, Action: Logged In,  Cookie: {\"originalMaxAge\":null,\"expires\":null,\"secure\":false,\"httpOnly\":true,\"path\":\"/\"}","level":"info","timestamp":"2021-05-16T14:00:20.245Z"}
{"message":"IP: ::1, Username: KingCob, User Type: Administrator, Action: Logged In,  Cookie: {\"originalMaxAge\":null,\"expires\":null,\"secure\":false,\"httpOnly\":true,\"path\":\"/\"}","level":"info","timestamp":"2021-05-17T09:34:22.198Z"}
{"message":"IP: ::1, Username: delete, User Type: Registered, Action: Logged Out, Cookie: {\"originalMaxAge\":null,\"expires\":null,\"secure\":false,\"httpOnly\":true,\"path\":\"/\"}","level":"info","timestamp":"2021-05-17T10:52:45.043Z"}
{"message":"IP: ::1, Username: KingCob, User Type: Administrator, Action: Logged In,  Cookie: {\"originalMaxAge\":null,\"expires\":null,\"secure\":false,\"httpOnly\":true,\"path\":\"/\"}","level":"info","timestamp":"2021-05-17T10:53:05.237Z"}
{"message":"IP: ::1, Username: KingCob, User Type: Administrator, Action: Logged In,  Cookie: {\"originalMaxAge\":null,\"expires\":null,\"secure\":false,\"httpOnly\":true,\"path\":\"/\"}","level":"info","timestamp":"2021-05-17T10:54:50.835Z"}
{"message":"IP: ::1, Username: KingCob, User Type: Administrator, Action: Logged In,  Cookie: {\"originalMaxAge\":null,\"expires\":null,\"secure\":false,\"httpOnly\":true,\"path\":\"/\"}","level":"info","timestamp":"2021-05-17T10:58:00.719Z"}
{"message":"IP: ::1, Username: KingCob, User Type: Administrator, Action: Logged In,  Cookie: {\"originalMaxAge\":null,\"expires\":null,\"secure\":false,\"httpOnly\":true,\"path\":\"/\"}","level":"info","timestamp":"2021-05-17T11:06:07.808Z"}
{"message":"IP: ::1, Username: KingCob, User Type: Administrator, Action: Logged In,  Cookie: {\"originalMaxAge\":null,\"expires\":null,\"secure\":false,\"httpOnly\":true,\"path\":\"/\"}","level":"info","timestamp":"2021-05-17T11:22:14.549Z"}
{"message":"IP: ::1, Username: KingCob, User Type: Administrator, Action: Logged In,  Cookie: {\"originalMaxAge\":null,\"expires\":null,\"secure\":false,\"httpOnly\":true,\"path\":\"/\"}","level":"info","timestamp":"2021-05-17T11:33:00.083Z"}
{"message":"IP: ::1, Username: KingCob, User Type: Anonymous, Action: Logged Out,  Cookie: {\"originalMaxAge\":null,\"expires\":null,\"secure\":false,\"httpOnly\":true,\"path\":\"/\"}","level":"info","timestamp":"2021-05-17T11:36:33.375Z"}
{"message":"IP: ::1, Username: beergirl, User Type: Registered, Action: Logged Out, Cookie: {\"originalMaxAge\":null,\"expires\":null,\"secure\":false,\"httpOnly\":true,\"path\":\"/\"}","level":"info","timestamp":"2021-05-17T11:37:36.314Z"}
{"message":"IP: ::1, Username: delete, User Type: Registered, Action: Logged Out, Cookie: {\"originalMaxAge\":null,\"expires\":null,\"secure\":false,\"httpOnly\":true,\"path\":\"/\"}","level":"info","timestamp":"2021-05-17T11:38:39.075Z"}
{"message":"IP: ::1, Username: KingCob, User Type: Administrator, Action: Logged In,  Cookie: {\"originalMaxAge\":null,\"expires\":null,\"secure\":false,\"httpOnly\":true,\"path\":\"/\"}","level":"info","timestamp":"2021-05-17T11:40:46.645Z"}
{"message":"IP: ::1, Username: KingCob, User Type: Anonymous, Action: Logged Out,  Cookie: {\"originalMaxAge\":null,\"expires\":null,\"secure\":false,\"httpOnly\":true,\"path\":\"/\"}","level":"info","timestamp":"2021-05-17T11:45:59.961Z"}
{"message":"IP: ::1, Username: delete, User Type: Registered, Action: Logged Out, Cookie: {\"originalMaxAge\":null,\"expires\":null,\"secure\":false,\"httpOnly\":true,\"path\":\"/\"}","level":"info","timestamp":"2021-05-17T11:46:43.417Z"}
{"message":"IP: ::1, Username: delete2, User Type: Registered, Action: Logged Out, Cookie: {\"originalMaxAge\":null,\"expires\":null,\"secure\":false,\"httpOnly\":true,\"path\":\"/\"}","level":"info","timestamp":"2021-05-17T11:47:39.253Z"}
{"message":"IP: ::1, Username: KingCob, User Type: Administrator, Action: Logged In,  Cookie: {\"originalMaxAge\":null,\"expires\":null,\"secure\":false,\"httpOnly\":true,\"path\":\"/\"}","level":"info","timestamp":"2021-05-17T11:48:00.054Z"}
{"message":"IP: ::1, Username: KingCob, User Type: Anonymous, Action: Logged Out,  Cookie: {\"originalMaxAge\":null,\"expires\":null,\"secure\":false,\"httpOnly\":true,\"path\":\"/\"}","level":"info","timestamp":"2021-05-17T11:51:58.294Z"}
{"message":"IP: ::1, Username: KingCob, User Type: Administrator, Action: Logged In,  Cookie: {\"originalMaxAge\":null,\"expires\":null,\"secure\":false,\"httpOnly\":true,\"path\":\"/\"}","level":"info","timestamp":"2021-05-17T11:52:16.598Z"}
{"message":"IP: ::1, Username: KingCob, User Type: Administrator, Action: Logged In,  Cookie: {\"originalMaxAge\":null,\"expires\":null,\"secure\":false,\"httpOnly\":true,\"path\":\"/\"}","level":"info","timestamp":"2021-05-25T00:57:48.329Z"}
{"message":"IP: ::1, Username: KingCob, User Type: 1, Action: Retrieved User Scores (Easy, Medium, Hard), Cookie: {\"originalMaxAge\":null,\"expires\":null,\"secure\":false,\"httpOnly\":true,\"path\":\"/\"}","level":"info","timestamp":"2021-05-25T00:58:00.173Z"}
{"message":"IP: ::1, Username: KingCob, User Type: Anonymous, Action: Retrieved User Scores (Easy, Medium, Hard), Cookie: {\"originalMaxAge\":null,\"expires\":null,\"secure\":false,\"httpOnly\":true,\"path\":\"/\"}","level":"info","timestamp":"2021-05-25T00:58:00.173Z"}
